DEBUG:root:
2019-01-01 23:08:22: Script started
DEBUG:urllib3.connectionpool:Starting new HTTP connection (1): api.worldbank.org
DEBUG:urllib3.connectionpool:http://api.worldbank.org:80 "GET /v2/en/indicator/EN.ATM.CO2E.KT?downloadformat=csv HTTP/1.1" 200 75567
DEBUG:urllib3.connectionpool:Starting new HTTP connection (1): api.worldbank.org
DEBUG:urllib3.connectionpool:http://api.worldbank.org:80 "GET /v2/en/indicator/SP.POP.TOTL?downloadformat=csv HTTP/1.1" 200 79715
DEBUG:root:
2019-01-01 23:08:53: Script started
DEBUG:urllib3.connectionpool:Starting new HTTP connection (1): api.worldbank.org
DEBUG:urllib3.connectionpool:http://api.worldbank.org:80 "GET /v2/en/indicator/EN.ATM.CO2E.KT?downloadformat=csv HTTP/1.1" 200 75567
DEBUG:urllib3.connectionpool:Starting new HTTP connection (1): api.worldbank.org
DEBUG:urllib3.connectionpool:http://api.worldbank.org:80 "GET /v2/en/indicator/SP.POP.TOTL?downloadformat=csv HTTP/1.1" 200 79715
DEBUG:root:
2019-01-01 23:11:16: Script started
DEBUG:urllib3.connectionpool:Starting new HTTP connection (1): api.worldbank.org
DEBUG:urllib3.connectionpool:http://api.worldbank.org:80 "GET /v2/en/indicator/EN.ATM.CO2E.KT?downloadformat=csv HTTP/1.1" 200 75567
DEBUG:urllib3.connectionpool:Starting new HTTP connection (1): api.worldbank.org
DEBUG:urllib3.connectionpool:http://api.worldbank.org:80 "GET /v2/en/indicator/SP.POP.TOTL?downloadformat=csv HTTP/1.1" 200 79715
DEBUG:root:
2019-01-01 23:22:08: Script started
DEBUG:urllib3.connectionpool:Starting new HTTP connection (1): api.worldbank.org
DEBUG:urllib3.connectionpool:http://api.worldbank.org:80 "GET /v2/en/indicator/EN.ATM.CO2E.KT?downloadformat=csv HTTP/1.1" 200 75567
DEBUG:urllib3.connectionpool:Starting new HTTP connection (1): api.worldbank.org
DEBUG:urllib3.connectionpool:http://api.worldbank.org:80 "GET /v2/en/indicator/SP.POP.TOTL?downloadformat=csv HTTP/1.1" 200 79715
DEBUG:root:
2019-01-01 23:22:39: Script started
DEBUG:urllib3.connectionpool:Starting new HTTP connection (1): api.worldbank.org
DEBUG:urllib3.connectionpool:http://api.worldbank.org:80 "GET /v2/en/indicator/EN.ATM.CO2E.KT?downloadformat=csv HTTP/1.1" 200 75567
DEBUG:urllib3.connectionpool:Starting new HTTP connection (1): api.worldbank.org
DEBUG:urllib3.connectionpool:http://api.worldbank.org:80 "GET /v2/en/indicator/SP.POP.TOTL?downloadformat=csv HTTP/1.1" 200 79715
